#options: 1280x720 fps=24/1 timebase=1/24 bitdepth=8 cabac=1 ref=1 deblock=1:0:0 analyse=0x1:0 me=dia subme=2 psy=1 psy_rd=1.00:0.00 mixed_ref=0 me_range=16 chroma_me=1 trellis=0 8x8dct=0 cqm=0 deadzone=21,11 fast_pskip=1 chroma_qp_offset=0 threads=12 lookahead_threads=4 sliced_threads=0 nr=0 decimate=1 interlaced=0 bluray_compat=0 constrained_intra=0 bframes=3 b_pyramid=2 b_adapt=1 b_bias=0 direct=1 weightb=1 open_gop=0 weightp=2 keyint=250 keyint_min=24 scenecut=40 intra_refresh=0 rc_lookahead=40 rc=abr mbtree=1 bitrate=7500 ratetol=1.0 qcomp=0.60 qpmin=0 qpmax=69 qpstep=4 ip_ratio=1.40 aq=1:1.00
in:0 out:0 type:I dur:2 cpbdur:2 q:15.82 aq:0.39 tex:1695 mv:1322 misc:119 imb:3600 pmb:0 smb:0 d:- ref:;
in:4 out:1 type:P dur:2 cpbdur:2 q:15.82 aq:5.78 tex:476 mv:370 misc:410 imb:522 pmb:80 smb:2998 d:- ref:0 ;
in:2 out:2 type:B dur:2 cpbdur:2 q:15.82 aq:0.00 tex:0 mv:0 misc:240 imb:0 pmb:0 smb:3600 d:- ref:0 ;
in:1 out:3 type:b dur:2 cpbdur:2 q:15.82 aq:1.00 tex:0 mv:0 misc:240 imb:0 pmb:0 smb:3600 d:- ref:0 ;
in:3 out:4 type:b dur:2 cpbdur:2 q:15.82 aq:1.00 tex:0 mv:0 misc:240 imb:0 pmb:0 smb:3600 d:- ref:0 ;
in:8 out:5 type:P dur:2 cpbdur:2 q:15.18 aq:6.27 tex:126 mv:7 misc:283 imb:0 pmb:1 smb:3599 d:- ref:0 ;
in:6 out:6 type:B dur:2 cpbdur:2 q:15.50 aq:0.00 tex:0 mv:0 misc:256 imb:0 pmb:0 smb:3600 d:- ref:0 ;
in:5 out:7 type:b dur:2 cpbdur:2 q:15.66 aq:1.00 tex:0 mv:0 misc:240 imb:0 pmb:0 smb:3600 d:- ref:0 ;
in:7 out:8 type:b dur:2 cpbdur:2 q:15.34 aq:0.00 tex:0 mv:0 misc:240 imb:0 pmb:0 smb:3600 d:- ref:0 ;
in:12 out:9 type:P dur:2 cpbdur:2 q:14.50 aq:5.96 tex:343 mv:39 misc:314 imb:4 pmb:0 smb:3596 d:- ref:0 ;
in:10 out:10 type:B dur:2 cpbdur:2 q:14.84 aq:0.00 tex:0 mv:0 misc:256 imb:0 pmb:0 smb:3600 d:- ref:0 ;
in:9 out:11 type:b dur:2 cpbdur:2 q:15.01 aq:0.00 tex:0 mv:0 misc:240 imb:0 pmb:0 smb:3600 d:- ref:0 ;
in:11 out:12 type:b dur:2 cpbdur:2 q:14.67 aq:0.00 tex:0 mv:0 misc:240 imb:0 pmb:0 smb:3600 d:- ref:0 ;
in:16 out:13 type:P dur:2 cpbdur:2 q:6.50 aq:7.71 tex:614 mv:195 misc:423 imb:38 pmb:6 smb:3556 d:- ref:0 ;
in:14 out:14 type:B dur:2 cpbdur:2 q:10.50 aq:0.00 tex:0 mv:0 misc:256 imb:0 pmb:0 smb:3600 d:- ref:0 ;
in:13 out:15 type:b dur:2 cpbdur:2 q:12.50 aq:0.00 tex:0 mv:0 misc:240 imb:0 pmb:0 smb:3600 d:- ref:0 ;
in:15 out:16 type:b dur:2 cpbdur:2 q:8.50 aq:0.00 tex:0 mv:0 misc:240 imb:0 pmb:0 smb:3600 d:- ref:0 ;
in:20 out:17 type:P dur:2 cpbdur:2 q:0.00 aq:3.43 tex:1829 mv:544 misc:379 imb:562 pmb:5 smb:3033 d:- ref:0 ;
in:18 out:18 type:B dur:2 cpbdur:2 q:3.25 aq:6.90 tex:682 mv:253 misc:393 imb:9 pmb:76 smb:3515 d:- ref:0 ;
in:17 out:19 type:b dur:2 cpbdur:2 q:4.87 aq:10.35 tex:183 mv:371 misc:302 imb:47 pmb:4 smb:3549 d:- ref:0 ;
in:19 out:20 type:b dur:2 cpbdur:2 q:1.62 aq:1.44 tex:115 mv:105 misc:348 imb:0 pmb:71 smb:3529 d:- ref:0 ;
in:22 out:21 type:P dur:2 cpbdur:2 q:0.00 aq:0.22 tex:2229 mv:1067 misc:456 imb:1593 pmb:9 smb:1998 d:- ref:0 ;
in:21 out:22 type:b dur:2 cpbdur:2 q:0.00 aq:3.62 tex:243 mv:114 misc:483 imb:0 pmb:144 smb:3456 d:- ref:0 ;
in:23 out:23 type:P dur:2 cpbdur:2 q:0.00 aq:2.20 tex:803 mv:357 misc:344 imb:249 pmb:2 smb:3349 d:- ref:0 ;
in:25 out:24 type:P dur:2 cpbdur:2 q:0.00 aq:2.46 tex:1018 mv:369 misc:357 imb:248 pmb:3 smb:3349 d:- ref:0 ;
in:24 out:25 type:b dur:2 cpbdur:2 q:0.00 aq:2.46 tex:151 mv:94 misc:339 imb:0 pmb:59 smb:3541 d:- ref:0 ;
in:26 out:26 type:P dur:2 cpbdur:2 q:0.00 aq:0.75 tex:1373 mv:372 misc:415 imb:174 pmb:4 smb:3422 d:- ref:0 ;
in:28 out:27 type:P dur:2 cpbdur:2 q:0.00 aq:1.68 tex:1257 mv:340 misc:363 imb:198 pmb:4 smb:3398 d:- ref:0 ;
in:27 out:28 type:b dur:2 cpbdur:2 q:0.00 aq:1.68 tex:194 mv:103 misc:343 imb:0 pmb:58 smb:3542 d:- ref:0 ;
in:30 out:29 type:P dur:2 cpbdur:2 q:0.00 aq:1.53 tex:600 mv:345 misc:351 imb:98 pmb:4 smb:3498 d:- ref:0 ;
in:29 out:30 type:b dur:2 cpbdur:2 q:0.00 aq:0.00 tex:124 mv:101 misc:327 imb:0 pmb:54 smb:3546 d:- ref:0 ;
in:31 out:31 type:P dur:2 cpbdur:2 q:0.00 aq:1.17 tex:692 mv:346 misc:346 imb:98 pmb:4 smb:3498 d:- ref:0 ;
in:33 out:32 type:P dur:2 cpbdur:2 q:0.00 aq:1.22 tex:765 mv:341 misc:358 imb:98 pmb:4 smb:3498 d:- ref:0 ;
in:32 out:33 type:b dur:2 cpbdur:2 q:0.00 aq:1.22 tex:217 mv:101 misc:330 imb:0 pmb:54 smb:3546 d:- ref:0 ;
in:37 out:34 type:P dur:2 cpbdur:2 q:0.00 aq:0.00 tex:451 mv:331 misc:346 imb:98 pmb:4 smb:3498 d:- ref:0 ;
in:35 out:35 type:B dur:2 cpbdur:2 q:0.00 aq:0.00 tex:124 mv:101 misc:343 imb:0 pmb:54 smb:3546 d:- ref:0 ;
in:34 out:36 type:b dur:2 cpbdur:2 q:0.00 aq:0.00 tex:124 mv:101 misc:327 imb:0 pmb:54 smb:3546 d:- ref:0 ;
in:36 out:37 type:b dur:2 cpbdur:2 q:0.00 aq:0.00 tex:80 mv:2 misc:262 imb:0 pmb:2 smb:3598 d:- ref:0 ;
in:41 out:38 type:P dur:2 cpbdur:2 q:0.00 aq:0.00 tex:81 mv:14 misc:297 imb:0 pmb:2 smb:3598 d:- ref:0 ;
in:39 out:39 type:B dur:2 cpbdur:2 q:0.00 aq:0.00 tex:80 mv:2 misc:278 imb:0 pmb:2 smb:3598 d:- ref:0 ;
in:38 out:40 type:b dur:2 cpbdur:2 q:0.00 aq:0.00 tex:80 mv:2 misc:262 imb:0 pmb:2 smb:3598 d:- ref:0 ;
in:40 out:41 type:b dur:2 cpbdur:2 q:0.00 aq:0.00 tex:80 mv:2 misc:262 imb:0 pmb:2 smb:3598 d:- ref:0 ;
in:45 out:42 type:P dur:2 cpbdur:2 q:0.00 aq:0.00 tex:290 mv:308 misc:474 imb:110 pmb:4 smb:3486 d:- ref:0 ;
in:43 out:43 type:B dur:2 cpbdur:2 q:0.00 aq:0.00 tex:58 mv:95 misc:407 imb:0 pmb:64 smb:3536 d:- ref:0 ;
in:42 out:44 type:b dur:2 cpbdur:2 q:0.00 aq:0.00 tex:242 mv:319 misc:407 imb:30 pmb:35 smb:3535 d:- ref:0 ;
in:44 out:45 type:b dur:2 cpbdur:2 q:0.00 aq:0.00 tex:0 mv:0 misc:240 imb:0 pmb:0 smb:3600 d:- ref:0 ;
in:49 out:46 type:P dur:2 cpbdur:2 q:0.00 aq:0.00 tex:38 mv:7 misc:283 imb:0 pmb:1 smb:3599 d:- ref:0 ;
in:47 out:47 type:B dur:2 cpbdur:2 q:0.00 aq:0.00 tex:0 mv:0 misc:256 imb:0 pmb:0 smb:3600 d:- ref:0 ;
in:46 out:48 type:b dur:2 cpbdur:2 q:0.00 aq:0.00 tex:0 mv:0 misc:240 imb:0 pmb:0 smb:3600 d:- ref:0 ;
in:48 out:49 type:b dur:2 cpbdur:2 q:0.00 aq:0.00 tex:0 mv:0 misc:240 imb:0 pmb:0 smb:3600 d:- ref:0 ;
in:53 out:50 type:P dur:2 cpbdur:2 q:0.00 aq:0.00 tex:2898 mv:36 misc:290 imb:2 pmb:2 smb:3596 d:- ref:0 ;
in:51 out:51 type:B dur:2 cpbdur:2 q:0.00 aq:0.00 tex:1578 mv:61 misc:273 imb:0 pmb:4 smb:3596 d:- ref:0 ;
in:50 out:52 type:b dur:2 cpbdur:2 q:0.00 aq:0.00 tex:11 mv:17 misc:252 imb:0 pmb:2 smb:3598 d:- ref:0 ;
in:52 out:53 type:b dur:2 cpbdur:2 q:0.00 aq:0.00 tex:151 mv:28 misc:253 imb:0 pmb:4 smb:3596 d:- ref:0 ;
in:57 out:54 type:P dur:2 cpbdur:2 q:0.00 aq:0.00 tex:1992 mv:43 misc:293 imb:0 pmb:4 smb:3596 d:- ref:0 ;
in:55 out:55 type:B dur:2 cpbdur:2 q:0.00 aq:0.80 tex:1580 mv:63 misc:269 imb:0 pmb:4 smb:3596 d:- ref:0 ;
in:54 out:56 type:b dur:2 cpbdur:2 q:0.00 aq:1.59 tex:87 mv:28 misc:253 imb:0 pmb:4 smb:3596 d:- ref:0 ;
in:56 out:57 type:b dur:2 cpbdur:2 q:0.00 aq:2.45 tex:151 mv:26 misc:255 imb:0 pmb:4 smb:3596 d:- ref:0 ;
in:61 out:58 type:P dur:2 cpbdur:2 q:0.00 aq:2.32 tex:4733 mv:55 misc:300 imb:3 pmb:4 smb:3593 d:- ref:0 ;
in:59 out:59 type:B dur:2 cpbdur:2 q:0.00 aq:1.55 tex:2203 mv:75 misc:282 imb:0 pmb:7 smb:3593 d:- ref:0 ;
in:58 out:60 type:b dur:2 cpbdur:2 q:0.00 aq:0.80 tex:294 mv:36 misc:270 imb:0 pmb:6 smb:3594 d:- ref:0 ;
in:60 out:61 type:b dur:2 cpbdur:2 q:0.00 aq:2.45 tex:212 mv:39 misc:269 imb:0 pmb:6 smb:3594 d:- ref:0 ;
in:65 out:62 type:P dur:2 cpbdur:2 q:0.00 aq:0.00 tex:5295 mv:953 misc:368 imb:1639 pmb:11 smb:1950 d:- ref:0 ;
in:63 out:63 type:B dur:2 cpbdur:2 q:0.00 aq:3.18 tex:462 mv:122 misc:528 imb:0 pmb:166 smb:3434 d:- ref:0 ;
in:62 out:64 type:b dur:2 cpbdur:2 q:0.00 aq:0.80 tex:283 mv:109 misc:456 imb:0 pmb:117 smb:3483 d:- ref:0 ;
in:64 out:65 type:b dur:2 cpbdur:2 q:0.00 aq:2.45 tex:73 mv:1 misc:254 imb:0 pmb:1 smb:3599 d:- ref:0 ;
in:69 out:66 type:P dur:2 cpbdur:2 q:0.00 aq:0.00 tex:9000 mv:90 misc:310 imb:3 pmb:10 smb:3587 d:- ref:0 ;
in:67 out:67 type:B dur:2 cpbdur:2 q:0.00 aq:0.00 tex:5091 mv:80 misc:285 imb:1 pmb:13 smb:3586 d:- ref:0 ;
in:66 out:68 type:b dur:2 cpbdur:2 q:0.00 aq:0.07 tex:1981 mv:57 misc:266 imb:0 pmb:11 smb:3589 d:- ref:0 ;
in:68 out:69 type:b dur:2 cpbdur:2 q:0.00 aq:2.43 tex:719 mv:55 misc:266 imb:0 pmb:11 smb:3589 d:- ref:0 ;
in:73 out:70 type:P dur:2 cpbdur:2 q:0.00 aq:0.00 tex:7063 mv:93 misc:300 imb:0 pmb:12 smb:3588 d:- ref:0 ;
in:71 out:71 type:B dur:2 cpbdur:2 q:0.00 aq:0.91 tex:1387 mv:63 misc:286 imb:0 pmb:13 smb:3587 d:- ref:0 ;
in:70 out:72 type:b dur:2 cpbdur:2 q:0.00 aq:1.68 tex:334 mv:53 misc:277 imb:0 pmb:11 smb:3589 d:- ref:0 ;
in:72 out:73 type:b dur:2 cpbdur:2 q:0.00 aq:2.25 tex:335 mv:33 misc:272 imb:0 pmb:7 smb:3593 d:- ref:0 ;
in:77 out:74 type:P dur:2 cpbdur:2 q:0.00 aq:0.00 tex:9582 mv:79 misc:315 imb:0 pmb:16 smb:3584 d:- ref:0 ;
in:75 out:75 type:B dur:2 cpbdur:2 q:0.00 aq:0.04 tex:5906 mv:84 misc:298 imb:1 pmb:15 smb:3584 d:- ref:0 ;
in:74 out:76 type:b dur:2 cpbdur:2 q:0.00 aq:0.07 tex:2621 mv:78 misc:277 imb:0 pmb:16 smb:3584 d:- ref:0 ;
in:76 out:77 type:b dur:2 cpbdur:2 q:0.00 aq:2.45 tex:906 mv:69 misc:289 imb:0 pmb:14 smb:3586 d:- ref:0 ;
in:81 out:78 type:P dur:2 cpbdur:2 q:0.00 aq:0.00 tex:8931 mv:88 misc:301 imb:0 pmb:15 smb:3585 d:- ref:0 ;
in:79 out:79 type:B dur:2 cpbdur:2 q:0.00 aq:0.84 tex:1479 mv:63 misc:290 imb:0 pmb:15 smb:3585 d:- ref:0 ;
in:78 out:80 type:b dur:2 cpbdur:2 q:0.00 aq:2.45 tex:292 mv:65 misc:267 imb:0 pmb:13 smb:3587 d:- ref:0 ;
in:80 out:81 type:b dur:2 cpbdur:2 q:0.00 aq:1.70 tex:466 mv:29 misc:273 imb:0 pmb:10 smb:3590 d:- ref:0 ;
in:85 out:82 type:P dur:2 cpbdur:2 q:0.00 aq:0.00 tex:11617 mv:421 misc:466 imb:125 pmb:19 smb:3456 d:- ref:0 ;
in:83 out:83 type:B dur:2 cpbdur:2 q:0.00 aq:0.77 tex:7287 mv:172 misc:405 imb:1 pmb:93 smb:3506 d:- ref:0 ;
in:82 out:84 type:b dur:2 cpbdur:2 q:0.00 aq:0.20 tex:2006 mv:84 misc:286 imb:0 pmb:18 smb:3582 d:- ref:0 ;
in:84 out:85 type:b dur:2 cpbdur:2 q:0.00 aq:0.78 tex:1920 mv:129 misc:343 imb:0 pmb:68 smb:3532 d:- ref:0 ;
in:89 out:86 type:P dur:2 cpbdur:2 q:0.00 aq:0.00 tex:10964 mv:93 misc:311 imb:0 pmb:17 smb:3583 d:- ref:0 ;
in:87 out:87 type:B dur:2 cpbdur:2 q:0.00 aq:0.18 tex:2018 mv:67 misc:291 imb:0 pmb:17 smb:3583 d:- ref:0 ;
in:86 out:88 type:b dur:2 cpbdur:2 q:0.00 aq:0.82 tex:526 mv:66 misc:280 imb:0 pmb:14 smb:3586 d:- ref:0 ;
in:88 out:89 type:b dur:2 cpbdur:2 q:0.00 aq:0.25 tex:563 mv:58 misc:275 imb:0 pmb:11 smb:3589 d:- ref:0 ;
in:93 out:90 type:P dur:2 cpbdur:2 q:0.00 aq:0.00 tex:1934 mv:53 misc:309 imb:0 pmb:13 smb:3587 d:- ref:0 ;
in:91 out:91 type:B dur:2 cpbdur:2 q:0.00 aq:1.55 tex:534 mv:43 misc:295 imb:0 pmb:9 smb:3591 d:- ref:0 ;
in:90 out:92 type:b dur:2 cpbdur:2 q:0.00 aq:1.55 tex:218 mv:35 misc:267 imb:0 pmb:6 smb:3594 d:- ref:0 ;
in:92 out:93 type:b dur:2 cpbdur:2 q:0.00 aq:0.33 tex:140 mv:39 misc:277 imb:0 pmb:6 smb:3594 d:- ref:0 ;
in:97 out:94 type:P dur:2 cpbdur:2 q:0.00 aq:0.00 tex:2494 mv:54 misc:308 imb:0 pmb:15 smb:3585 d:- ref:0 ;
in:95 out:95 type:B dur:2 cpbdur:2 q:0.00 aq:0.00 tex:841 mv:60 misc:283 imb:0 pmb:12 smb:3588 d:- ref:0 ;
in:94 out:96 type:b dur:2 cpbdur:2 q:0.00 aq:3.87 tex:49 mv:1 misc:254 imb:0 pmb:1 smb:3599 d:- ref:0 ;
in:96 out:97 type:b dur:2 cpbdur:2 q:0.00 aq:2.32 tex:277 mv:60 misc:271 imb:0 pmb:12 smb:3588 d:- ref:0 ;
in:99 out:98 type:P dur:2 cpbdur:2 q:0.00 aq:0.00 tex:106201 mv:532 misc:787 imb:117 pmb:108 smb:3375 d:- ref:0 ;
in:98 out:99 type:b dur:2 cpbdur:2 q:0.00 aq:0.06 tex:40263 mv:114 misc:727 imb:1 pmb:198 smb:3401 d:- ref:0 ;
in:102 out:100 type:P dur:2 cpbdur:2 q:0.00 aq:0.00 tex:68482 mv:612 misc:802 imb:62 pmb:214 smb:3324 d:- ref:0 ;
in:100 out:101 type:B dur:2 cpbdur:2 q:0.00 aq:0.06 tex:20973 mv:276 misc:743 imb:0 pmb:193 smb:3407 d:- ref:0 ;
in:101 out:102 type:b dur:2 cpbdur:2 q:0.00 aq:0.07 tex:5375 mv:212 misc:733 imb:0 pmb:154 smb:3446 d:- ref:0 ;
in:106 out:103 type:P dur:2 cpbdur:2 q:0.00 aq:0.00 tex:50811 mv:774 misc:911 imb:151 pmb:209 smb:3240 d:- ref:0 ;
in:104 out:104 type:B dur:2 cpbdur:2 q:0.00 aq:0.76 tex:21148 mv:474 misc:938 imb:0 pmb:319 smb:3281 d:- ref:0 ;
in:103 out:105 type:b dur:2 cpbdur:2 q:0.00 aq:0.20 tex:8811 mv:259 misc:770 imb:0 pmb:165 smb:3435 d:- ref:0 ;
in:105 out:106 type:b dur:2 cpbdur:2 q:0.00 aq:0.36 tex:9038 mv:272 misc:754 imb:0 pmb:179 smb:3421 d:- ref:0 ;
in:110 out:107 type:P dur:2 cpbdur:2 q:0.00 aq:0.00 tex:9046 mv:115 misc:799 imb:0 pmb:143 smb:3457 d:- ref:0 ;
in:108 out:108 type:B dur:2 cpbdur:2 q:0.00 aq:0.03 tex:3232 mv:231 misc:769 imb:0 pmb:127 smb:3473 d:- ref:0 ;
in:107 out:109 type:b dur:2 cpbdur:2 q:0.00 aq:0.85 tex:1891 mv:211 misc:762 imb:0 pmb:120 smb:3480 d:- ref:0 ;
in:109 out:110 type:b dur:2 cpbdur:2 q:0.00 aq:0.74 tex:1289 mv:167 misc:624 imb:0 pmb:66 smb:3534 d:- ref:0 ;
in:114 out:111 type:P dur:2 cpbdur:2 q:0.00 aq:0.00 tex:2398 mv:91 misc:607 imb:0 pmb:62 smb:3538 d:- ref:0 ;
in:112 out:112 type:B dur:2 cpbdur:2 q:0.00 aq:0.02 tex:1665 mv:115 misc:588 imb:0 pmb:59 smb:3541 d:- ref:0 ;
in:111 out:113 type:b dur:2 cpbdur:2 q:0.00 aq:0.38 tex:1475 mv:91 misc:546 imb:0 pmb:51 smb:3549 d:- ref:0 ;
in:113 out:114 type:b dur:2 cpbdur:2 q:0.00 aq:0.05 tex:1499 mv:14 misc:527 imb:0 pmb:46 smb:3554 d:- ref:0 ;
in:118 out:115 type:P dur:2 cpbdur:2 q:0.00 aq:0.00 tex:3833 mv:94 misc:705 imb:0 pmb:81 smb:3519 d:- ref:0 ;
in:116 out:116 type:B dur:2 cpbdur:2 q:0.00 aq:0.00 tex:1894 mv:171 misc:631 imb:0 pmb:71 smb:3529 d:- ref:0 ;
in:115 out:117 type:b dur:2 cpbdur:2 q:0.00 aq:0.05 tex:1475 mv:87 misc:526 imb:0 pmb:50 smb:3550 d:- ref:0 ;
in:117 out:118 type:b dur:2 cpbdur:2 q:0.00 aq:0.05 tex:1570 mv:161 misc:613 imb:0 pmb:68 smb:3532 d:- ref:0 ;
in:122 out:119 type:P dur:2 cpbdur:2 q:0.00 aq:0.00 tex:57267 mv:1099 misc:898 imb:41 pmb:223 smb:3336 d:- ref:0 ;
in:120 out:120 type:B dur:2 cpbdur:2 q:0.00 aq:0.02 tex:27695 mv:441 misc:752 imb:0 pmb:207 smb:3393 d:- ref:0 ;
in:119 out:121 type:b dur:2 cpbdur:2 q:0.00 aq:0.54 tex:2578 mv:178 misc:692 imb:0 pmb:144 smb:3456 d:- ref:0 ;
in:121 out:122 type:b dur:2 cpbdur:2 q:0.00 aq:0.36 tex:5664 mv:233 misc:727 imb:0 pmb:162 smb:3438 d:- ref:0 ;
in:124 out:123 type:P dur:2 cpbdur:2 q:0.00 aq:0.00 tex:39905 mv:322 misc:893 imb:23 pmb:245 smb:3332 d:- ref:0 ;
in:123 out:124 type:b dur:2 cpbdur:2 q:0.00 aq:0.03 tex:10745 mv:367 misc:872 imb:0 pmb:216 smb:3384 d:- ref:0 ;
in:126 out:125 type:P dur:2 cpbdur:2 q:0.00 aq:0.00 tex:63128 mv:369 misc:887 imb:22 pmb:257 smb:3321 d:- ref:0 ;
in:125 out:126 type:b dur:2 cpbdur:2 q:0.00 aq:0.79 tex:25134 mv:434 misc:856 imb:0 pmb:249 smb:3351 d:- ref:0 ;
in:127 out:127 type:P dur:2 cpbdur:2 q:0.00 aq:0.00 tex:67327 mv:438 misc:875 imb:38 pmb:266 smb:3296 d:- ref:0 ;
in:129 out:128 type:P dur:2 cpbdur:2 q:0.00 aq:0.00 tex:77671 mv:495 misc:906 imb:48 pmb:273 smb:3279 d:- ref:0 ;
in:128 out:129 type:b dur:2 cpbdur:2 q:0.00 aq:0.04 tex:9671 mv:269 misc:892 imb:0 pmb:221 smb:3379 d:- ref:0 ;
in:130 out:130 type:P dur:2 cpbdur:2 q:0.00 aq:0.00 tex:90767 mv:576 misc:881 imb:55 pmb:286 smb:3259 d:- ref:0 ;
in:132 out:131 type:P dur:2 cpbdur:2 q:0.00 aq:0.00 tex:116968 mv:599 misc:897 imb:24 pmb:312 smb:3264 d:- ref:0 ;
in:131 out:132 type:b dur:2 cpbdur:2 q:0.00 aq:0.23 tex:8134 mv:242 misc:904 imb:0 pmb:199 smb:3401 d:- ref:0 ;
in:134 out:133 type:P dur:2 cpbdur:2 q:0.00 aq:0.00 tex:122276 mv:553 misc:939 imb:34 pmb:310 smb:3256 d:- ref:0 ;
in:133 out:134 type:b dur:2 cpbdur:2 q:0.00 aq:0.27 tex:17154 mv:407 misc:911 imb:0 pmb:280 smb:3320 d:- ref:0 ;
in:135 out:135 type:P dur:2 cpbdur:2 q:0.00 aq:0.00 tex:154753 mv:1287 misc:1080 imb:189 pmb:322 smb:3089 d:- ref:0 ;
in:137 out:136 type:P dur:2 cpbdur:2 q:0.00 aq:0.00 tex:191642 mv:1552 misc:926 imb:206 pmb:345 smb:3049 d:- ref:0 ;
in:136 out:137 type:b dur:2 cpbdur:2 q:0.00 aq:0.46 tex:12867 mv:244 misc:1001 imb:0 pmb:242 smb:3358 d:- ref:0 ;
in:141 out:138 type:P dur:2 cpbdur:2 q:0.00 aq:0.00 tex:261180 mv:1697 misc:843 imb:348 pmb:276 smb:2976 d:- ref:0 ;
in:139 out:139 type:B dur:2 cpbdur:2 q:0.00 aq:0.34 tex:17916 mv:307 misc:841 imb:0 pmb:294 smb:3306 d:- ref:0 ;
in:138 out:140 type:b dur:2 cpbdur:2 q:0.00 aq:0.99 tex:38199 mv:1355 misc:934 imb:112 pmb:376 smb:3112 d:- ref:0 ;
in:140 out:141 type:b dur:2 cpbdur:2 q:0.00 aq:1.26 tex:2118 mv:198 misc:812 imb:0 pmb:141 smb:3459 d:- ref:0 ;
in:144 out:142 type:P dur:2 cpbdur:2 q:0.00 aq:1.10 tex:13102 mv:126 misc:852 imb:0 pmb:202 smb:3398 d:- ref:0 ;
in:142 out:143 type:B dur:2 cpbdur:2 q:0.00 aq:1.39 tex:16249 mv:387 misc:780 imb:0 pmb:249 smb:3351 d:- ref:0 ;
in:143 out:144 type:b dur:2 cpbdur:2 q:0.00 aq:1.35 tex:4674 mv:319 misc:743 imb:0 pmb:151 smb:3449 d:- ref:0 ;
in:145 out:145 type:I dur:2 cpbdur:2 q:0.00 aq:0.00 tex:168690 mv:6729 misc:133 imb:3600 pmb:0 smb:0 d:- ref:;
in:149 out:146 type:P dur:2 cpbdur:2 q:0.00 aq:0.00 tex:32555 mv:187 misc:554 imb:4 pmb:184 smb:3412 d:- ref:0 ;
in:147 out:147 type:B dur:2 cpbdur:2 q:0.00 aq:1.06 tex:5725 mv:200 misc:611 imb:0 pmb:137 smb:3463 d:- ref:0 ;
in:146 out:148 type:b dur:2 cpbdur:2 q:0.00 aq:1.33 tex:4632 mv:220 misc:636 imb:0 pmb:126 smb:3474 d:- ref:0 ;
in:148 out:149 type:b dur:2 cpbdur:2 q:0.00 aq:1.07 tex:1184 mv:126 misc:434 imb:0 pmb:37 smb:3563 d:- ref:0 ;
in:153 out:150 type:P dur:2 cpbdur:2 q:0.00 aq:0.00 tex:11196 mv:142 misc:638 imb:2 pmb:139 smb:3459 d:- ref:0 ;
in:151 out:151 type:B dur:2 cpbdur:2 q:0.00 aq:1.15 tex:3139 mv:224 misc:589 imb:0 pmb:89 smb:3511 d:- ref:0 ;
in:150 out:152 type:b dur:2 cpbdur:2 q:0.00 aq:1.48 tex:927 mv:109 misc:436 imb:0 pmb:34 smb:3566 d:- ref:0 ;
in:152 out:153 type:b dur:2 cpbdur:2 q:0.00 aq:2.23 tex:1536 mv:138 misc:510 imb:0 pmb:51 smb:3549 d:- ref:0 ;
in:157 out:154 type:P dur:2 cpbdur:2 q:0.00 aq:0.00 tex:206371 mv:1675 misc:738 imb:494 pmb:107 smb:2999 d:- ref:0 ;
in:155 out:155 type:B dur:2 cpbdur:2 q:0.00 aq:3.11 tex:17178 mv:371 misc:955 imb:0 pmb:292 smb:3308 d:- ref:0 ;
in:154 out:156 type:b dur:2 cpbdur:2 q:0.00 aq:2.20 tex:1649 mv:187 misc:652 imb:0 pmb:125 smb:3475 d:- ref:0 ;
in:156 out:157 type:b dur:2 cpbdur:2 q:0.00 aq:1.18 tex:1666 mv:225 misc:717 imb:0 pmb:105 smb:3495 d:- ref:0 ;
in:161 out:158 type:P dur:2 cpbdur:2 q:0.00 aq:0.00 tex:15177 mv:162 misc:981 imb:3 pmb:225 smb:3372 d:- ref:0 ;
in:159 out:159 type:B dur:2 cpbdur:2 q:0.00 aq:1.79 tex:8993 mv:356 misc:867 imb:0 pmb:174 smb:3426 d:- ref:0 ;
in:158 out:160 type:b dur:2 cpbdur:2 q:0.00 aq:2.14 tex:1395 mv:197 misc:616 imb:0 pmb:71 smb:3529 d:- ref:0 ;
in:160 out:161 type:b dur:2 cpbdur:2 q:0.00 aq:1.65 tex:1852 mv:202 misc:658 imb:0 pmb:97 smb:3503 d:- ref:0 ;
in:165 out:162 type:P dur:2 cpbdur:2 q:0.00 aq:0.00 tex:9494 mv:139 misc:863 imb:2 pmb:171 smb:3427 d:- ref:0 ;
in:163 out:163 type:B dur:2 cpbdur:2 q:0.00 aq:1.61 tex:4197 mv:270 misc:789 imb:0 pmb:114 smb:3486 d:- ref:0 ;
in:162 out:164 type:b dur:2 cpbdur:2 q:0.00 aq:2.05 tex:1635 mv:143 misc:566 imb:0 pmb:55 smb:3545 d:- ref:0 ;
in:164 out:165 type:b dur:2 cpbdur:2 q:0.00 aq:1.87 tex:1186 mv:126 misc:512 imb:0 pmb:47 smb:3553 d:- ref:0 ;
in:169 out:166 type:P dur:2 cpbdur:2 q:0.00 aq:0.00 tex:55928 mv:280 misc:936 imb:13 pmb:357 smb:3230 d:- ref:0 ;
in:167 out:167 type:B dur:2 cpbdur:2 q:0.00 aq:1.34 tex:3041 mv:274 misc:917 imb:0 pmb:241 smb:3359 d:- ref:0 ;
in:166 out:168 type:b dur:2 cpbdur:2 q:0.00 aq:2.15 tex:1039 mv:85 misc:444 imb:0 pmb:35 smb:3565 d:- ref:0 ;
in:168 out:169 type:b dur:2 cpbdur:2 q:0.00 aq:2.71 tex:10560 mv:319 misc:921 imb:0 pmb:250 smb:3350 d:- ref:0 ;
in:173 out:170 type:P dur:2 cpbdur:2 q:0.00 aq:0.00 tex:18146 mv:176 misc:902 imb:3 pmb:250 smb:3347 d:- ref:0 ;
in:171 out:171 type:B dur:2 cpbdur:2 q:0.00 aq:1.06 tex:4430 mv:283 misc:815 imb:0 pmb:138 smb:3462 d:- ref:0 ;
in:170 out:172 type:b dur:2 cpbdur:2 q:0.00 aq:2.91 tex:2000 mv:235 misc:693 imb:0 pmb:100 smb:3500 d:- ref:0 ;
in:172 out:173 type:b dur:2 cpbdur:2 q:0.00 aq:2.24 tex:2451 mv:216 misc:741 imb:0 pmb:107 smb:3493 d:- ref:0 ;
in:177 out:174 type:P dur:2 cpbdur:2 q:0.00 aq:0.74 tex:12497 mv:130 misc:917 imb:1 pmb:197 smb:3402 d:- ref:0 ;
in:175 out:175 type:B dur:2 cpbdur:2 q:0.00 aq:1.03 tex:2699 mv:293 misc:832 imb:0 pmb:141 smb:3459 d:- ref:0 ;
in:174 out:176 type:b dur:2 cpbdur:2 q:0.00 aq:2.15 tex:887 mv:119 misc:474 imb:0 pmb:38 smb:3562 d:- ref:0 ;
in:176 out:177 type:b dur:2 cpbdur:2 q:0.00 aq:2.24 tex:1303 mv:220 misc:685 imb:0 pmb:94 smb:3506 d:- ref:0 ;
in:179 out:178 type:P dur:2 cpbdur:2 q:0.00 aq:2.46 tex:3761 mv:88 misc:711 imb:0 pmb:90 smb:3510 d:- ref:0 ;
in:178 out:179 type:b dur:2 cpbdur:2 q:0.00 aq:1.65 tex:1292 mv:176 misc:628 imb:0 pmb:78 smb:3522 d:- ref:0 ;
in:180 out:180 type:I dur:2 cpbdur:2 q:0.00 aq:0.00 tex:320182 mv:11247 misc:123 imb:3600 pmb:0 smb:0 d:- ref:;
in:184 out:181 type:P dur:2 cpbdur:2 q:0.00 aq:0.00 tex:36809 mv:184 misc:783 imb:3 pmb:264 smb:3333 d:- ref:0 ;
in:182 out:182 type:B dur:2 cpbdur:2 q:0.00 aq:0.46 tex:19633 mv:374 misc:769 imb:0 pmb:243 smb:3357 d:- ref:0 ;
in:181 out:183 type:b dur:2 cpbdur:2 q:0.00 aq:1.46 tex:2376 mv:234 misc:838 imb:0 pmb:174 smb:3426 d:- ref:0 ;
in:183 out:184 type:b dur:2 cpbdur:2 q:0.00 aq:1.56 tex:3083 mv:242 misc:731 imb:0 pmb:117 smb:3483 d:- ref:0 ;
in:188 out:185 type:P dur:2 cpbdur:2 q:0.00 aq:0.01 tex:12007 mv:145 misc:800 imb:2 pmb:183 smb:3415 d:- ref:0 ;
in:186 out:186 type:B dur:2 cpbdur:2 q:0.00 aq:0.86 tex:3652 mv:222 misc:694 imb:0 pmb:115 smb:3485 d:- ref:0 ;
in:185 out:187 type:b dur:2 cpbdur:2 q:0.00 aq:1.81 tex:1320 mv:148 misc:572 imb:0 pmb:57 smb:3543 d:- ref:0 ;
in:187 out:188 type:b dur:2 cpbdur:2 q:0.00 aq:1.83 tex:1166 mv:87 misc:483 imb:0 pmb:38 smb:3562 d:- ref:0 ;
in:192 out:189 type:P dur:2 cpbdur:2 q:0.00 aq:0.00 tex:102539 mv:1560 misc:949 imb:361 pmb:285 smb:2954 d:- ref:0 ;
in:190 out:190 type:B dur:2 cpbdur:2 q:0.00 aq:0.58 tex:32226 mv:937 misc:981 imb:26 pmb:353 smb:3221 d:- ref:0 ;
in:189 out:191 type:b dur:2 cpbdur:2 q:0.00 aq:1.39 tex:13938 mv:612 misc:970 imb:21 pmb:299 smb:3280 d:- ref:0 ;
in:191 out:192 type:b dur:2 cpbdur:2 q:0.00 aq:1.13 tex:4303 mv:309 misc:820 imb:0 pmb:165 smb:3435 d:- ref:0 ;
in:196 out:193 type:P dur:2 cpbdur:2 q:0.00 aq:0.00 tex:22463 mv:147 misc:886 imb:2 pmb:263 smb:3335 d:- ref:0 ;
in:194 out:194 type:B dur:2 cpbdur:2 q:0.00 aq:0.74 tex:5767 mv:270 misc:891 imb:0 pmb:198 smb:3402 d:- ref:0 ;
in:193 out:195 type:b dur:2 cpbdur:2 q:0.00 aq:1.29 tex:4902 mv:615 misc:867 imb:25 pmb:176 smb:3399 d:- ref:0 ;
in:195 out:196 type:b dur:2 cpbdur:2 q:0.00 aq:1.16 tex:2144 mv:208 misc:632 imb:0 pmb:80 smb:3520 d:- ref:0 ;
in:200 out:197 type:P dur:2 cpbdur:2 q:0.00 aq:0.00 tex:10635 mv:127 misc:902 imb:1 pmb:200 smb:3399 d:- ref:0 ;
in:198 out:198 type:B dur:2 cpbdur:2 q:0.00 aq:0.26 tex:3865 mv:260 misc:819 imb:0 pmb:136 smb:3464 d:- ref:0 ;
in:197 out:199 type:b dur:2 cpbdur:2 q:0.00 aq:1.19 tex:2607 mv:215 misc:682 imb:0 pmb:91 smb:3509 d:- ref:0 ;
in:199 out:200 type:b dur:2 cpbdur:2 q:0.00 aq:1.16 tex:1696 mv:149 misc:555 imb:0 pmb:54 smb:3546 d:- ref:0 ;
in:204 out:201 type:P dur:2 cpbdur:2 q:0.00 aq:0.00 tex:7030 mv:105 misc:873 imb:0 pmb:154 smb:3446 d:- ref:0 ;
in:202 out:202 type:B dur:2 cpbdur:2 q:0.00 aq:0.80 tex:1714 mv:163 misc:643 imb:0 pmb:71 smb:3529 d:- ref:0 ;
in:201 out:203 type:b dur:2 cpbdur:2 q:0.00 aq:0.63 tex:1367 mv:148 misc:541 imb:0 pmb:52 smb:3548 d:- ref:0 ;
in:203 out:204 type:b dur:2 cpbdur:2 q:0.00 aq:1.14 tex:1292 mv:75 misc:473 imb:0 pmb:34 smb:3566 d:- ref:0 ;
in:208 out:205 type:P dur:2 cpbdur:2 q:0.00 aq:0.04 tex:5305 mv:94 misc:833 imb:0 pmb:128 smb:3472 d:- ref:0 ;
in:206 out:206 type:B dur:2 cpbdur:2 q:0.00 aq:0.65 tex:2360 mv:156 misc:652 imb:0 pmb:72 smb:3528 d:- ref:0 ;
in:205 out:207 type:b dur:2 cpbdur:2 q:0.00 aq:1.02 tex:1231 mv:129 misc:512 imb:0 pmb:43 smb:3557 d:- ref:0 ;
in:207 out:208 type:b dur:2 cpbdur:2 q:0.00 aq:0.98 tex:966 mv:64 misc:442 imb:0 pmb:27 smb:3573 d:- ref:0 ;
in:212 out:209 type:P dur:2 cpbdur:2 q:0.00 aq:0.00 tex:152265 mv:2763 misc:948 imb:393 pmb:324 smb:2883 d:- ref:0 ;
in:210 out:210 type:B dur:2 cpbdur:2 q:0.00 aq:1.12 tex:61506 mv:1271 misc:1119 imb:23 pmb:507 smb:3070 d:- ref:0 ;
in:209 out:211 type:b dur:2 cpbdur:2 q:0.00 aq:2.05 tex:1437 mv:200 misc:971 imb:0 pmb:269 smb:3331 d:- ref:0 ;
in:211 out:212 type:b dur:2 cpbdur:2 q:0.00 aq:1.31 tex:5545 mv:336 misc:871 imb:0 pmb:189 smb:3411 d:- ref:0 ;
in:216 out:213 type:P dur:2 cpbdur:2 q:0.00 aq:0.00 tex:19398 mv:465 misc:1105 imb:63 pmb:297 smb:3240 d:- ref:0 ;
in:214 out:214 type:B dur:2 cpbdur:2 q:0.00 aq:0.73 tex:8478 mv:466 misc:1064 imb:0 pmb:278 smb:3322 d:- ref:0 ;
in:213 out:215 type:b dur:2 cpbdur:2 q:0.00 aq:1.97 tex:5342 mv:480 misc:818 imb:18 pmb:141 smb:3441 d:- ref:0 ;
in:215 out:216 type:b dur:2 cpbdur:2 q:0.00 aq:1.65 tex:3912 mv:237 misc:675 imb:0 pmb:116 smb:3484 d:- ref:0 ;
in:220 out:217 type:P dur:2 cpbdur:2 q:0.00 aq:0.00 tex:8008 mv:229 misc:987 imb:24 pmb:174 smb:3402 d:- ref:0 ;
in:218 out:218 type:B dur:2 cpbdur:2 q:0.00 aq:0.33 tex:3788 mv:236 misc:824 imb:0 pmb:129 smb:3471 d:- ref:0 ;
in:217 out:219 type:b dur:2 cpbdur:2 q:0.00 aq:1.57 tex:3125 mv:149 misc:582 imb:0 pmb:79 smb:3521 d:- ref:0 ;
in:219 out:220 type:b dur:2 cpbdur:2 q:0.00 aq:1.92 tex:2656 mv:114 misc:510 imb:0 pmb:58 smb:3542 d:- ref:0 ;
in:224 out:221 type:P dur:2 cpbdur:2 q:0.00 aq:0.00 tex:5284 mv:216 misc:916 imb:24 pmb:128 smb:3448 d:- ref:0 ;
in:222 out:222 type:B dur:2 cpbdur:2 q:0.00 aq:0.42 tex:3506 mv:123 misc:747 imb:0 pmb:104 smb:3496 d:- ref:0 ;
in:221 out:223 type:b dur:2 cpbdur:2 q:0.00 aq:1.64 tex:2836 mv:86 misc:526 imb:0 pmb:60 smb:3540 d:- ref:0 ;
in:223 out:224 type:b dur:2 cpbdur:2 q:0.00 aq:1.64 tex:2802 mv:55 misc:527 imb:0 pmb:60 smb:3540 d:- ref:0 ;
in:228 out:225 type:P dur:2 cpbdur:2 q:0.00 aq:0.01 tex:5423 mv:219 misc:902 imb:24 pmb:124 smb:3452 d:- ref:0 ;
in:226 out:226 type:B dur:2 cpbdur:2 q:0.00 aq:0.28 tex:2905 mv:117 misc:714 imb:0 pmb:92 smb:3508 d:- ref:0 ;
in:225 out:227 type:b dur:2 cpbdur:2 q:0.00 aq:1.55 tex:2751 mv:47 misc:514 imb:0 pmb:59 smb:3541 d:- ref:0 ;
in:227 out:228 type:b dur:2 cpbdur:2 q:0.00 aq:1.54 tex:2764 mv:77 misc:543 imb:0 pmb:64 smb:3536 d:- ref:0 ;
in:232 out:229 type:P dur:2 cpbdur:2 q:0.00 aq:0.00 tex:89860 mv:1499 misc:921 imb:303 pmb:247 smb:3050 d:- ref:0 ;
in:230 out:230 type:B dur:2 cpbdur:2 q:0.00 aq:0.81 tex:16492 mv:697 misc:1035 imb:20 pmb:281 smb:3299 d:- ref:0 ;
in:229 out:231 type:b dur:2 cpbdur:2 q:0.00 aq:1.99 tex:9413 mv:165 misc:558 imb:0 pmb:119 smb:3481 d:- ref:0 ;
in:231 out:232 type:b dur:2 cpbdur:2 q:0.00 aq:1.32 tex:9373 mv:364 misc:823 imb:0 pmb:227 smb:3373 d:- ref:0 ;
in:236 out:233 type:P dur:2 cpbdur:2 q:0.00 aq:0.00 tex:15404 mv:270 misc:990 imb:27 pmb:228 smb:3345 d:- ref:0 ;
in:234 out:234 type:B dur:2 cpbdur:2 q:0.00 aq:0.72 tex:4674 mv:281 misc:869 imb:0 pmb:146 smb:3454 d:- ref:0 ;
in:233 out:235 type:b dur:2 cpbdur:2 q:0.00 aq:1.58 tex:1928 mv:203 misc:661 imb:0 pmb:81 smb:3519 d:- ref:0 ;
in:235 out:236 type:b dur:2 cpbdur:2 q:0.00 aq:1.53 tex:2078 mv:235 misc:727 imb:0 pmb:112 smb:3488 d:- ref:0 ;
in:240 out:237 type:P dur:2 cpbdur:2 q:0.00 aq:0.00 tex:6626 mv:228 misc:890 imb:24 pmb:141 smb:3435 d:- ref:0 ;
in:238 out:238 type:B dur:2 cpbdur:2 q:0.00 aq:0.29 tex:3459 mv:193 misc:740 imb:0 pmb:111 smb:3489 d:- ref:0 ;
in:237 out:239 type:b dur:2 cpbdur:2 q:0.00 aq:1.71 tex:996 mv:99 misc:449 imb:0 pmb:34 smb:3566 d:- ref:0 ;
in:239 out:240 type:b dur:2 cpbdur:2 q:0.00 aq:1.72 tex:1091 mv:100 misc:465 imb:0 pmb:35 smb:3565 d:- ref:0 ;
in:244 out:241 type:P dur:2 cpbdur:2 q:0.00 aq:0.00 tex:4903 mv:220 misc:877 imb:24 pmb:117 smb:3459 d:- ref:0 ;
in:242 out:242 type:B dur:2 cpbdur:2 q:0.00 aq:0.20 tex:2991 mv:83 misc:686 imb:0 pmb:88 smb:3512 d:- ref:0 ;
in:241 out:243 type:b dur:2 cpbdur:2 q:0.00 aq:1.78 tex:664 mv:69 misc:387 imb:0 pmb:23 smb:3577 d:- ref:0 ;
in:243 out:244 type:b dur:2 cpbdur:2 q:0.00 aq:1.78 tex:727 mv:68 misc:389 imb:0 pmb:23 smb:3577 d:- ref:0 ;
in:248 out:245 type:P dur:2 cpbdur:2 q:0.00 aq:0.56 tex:10257 mv:221 misc:938 imb:24 pmb:166 smb:3410 d:- ref:0 ;
in:246 out:246 type:B dur:2 cpbdur:2 q:0.00 aq:0.14 tex:4150 mv:293 misc:893 imb:0 pmb:175 smb:3425 d:- ref:0 ;
in:245 out:247 type:b dur:2 cpbdur:2 q:0.00 aq:1.84 tex:623 mv:52 misc:381 imb:0 pmb:21 smb:3579 d:- ref:0 ;
in:247 out:248 type:b dur:2 cpbdur:2 q:0.00 aq:1.07 tex:679 mv:161 misc:640 imb:0 pmb:81 smb:3519 d:- ref:0 ;
in:250 out:249 type:P dur:2 cpbdur:2 q:0.00 aq:0.26 tex:323218 mv:5197 misc:273 imb:3389 pmb:211 smb:0 d:- ref:0 w:6,61,-1 ;
in:249 out:250 type:b dur:2 cpbdur:2 q:0.00 aq:1.62 tex:5053 mv:150 misc:941 imb:0 pmb:233 smb:3367 d:- ref:0 ;
in:251 out:251 type:I dur:2 cpbdur:2 q:0.00 aq:0.00 tex:243649 mv:13083 misc:140 imb:3600 pmb:0 smb:0 d:- ref:;
in:253 out:252 type:P dur:2 cpbdur:2 q:0.00 aq:0.16 tex:334034 mv:3608 misc:422 imb:1378 pmb:272 smb:1950 d:- ref:0 w:6,81,-59 ;
in:252 out:253 type:b dur:2 cpbdur:2 q:0.00 aq:0.05 tex:54614 mv:695 misc:1107 imb:36 pmb:499 smb:3065 d:- ref:0 ;
in:255 out:254 type:P dur:2 cpbdur:2 q:0.00 aq:0.10 tex:298385 mv:3402 misc:453 imb:1323 pmb:327 smb:1950 d:- ref:0 w:6,75,-38,6,64,0,77,-26 ;
in:254 out:255 type:b dur:2 cpbdur:2 q:0.00 aq:2.44 tex:49897 mv:362 misc:1117 imb:7 pmb:475 smb:3118 d:- ref:0 ;
in:257 out:256 type:P dur:2 cpbdur:2 q:0.00 aq:0.02 tex:174422 mv:2664 misc:394 imb:1221 pmb:379 smb:2000 d:- ref:0 w:5,33,-7 ;
in:256 out:257 type:b dur:2 cpbdur:2 q:0.00 aq:1.38 tex:25862 mv:360 misc:1114 imb:7 pmb:397 smb:3196 d:- ref:0 ;
in:261 out:258 type:P dur:2 cpbdur:2 q:0.00 aq:0.00 tex:251445 mv:1914 misc:817 imb:169 pmb:401 smb:3030 d:- ref:0 ;
in:259 out:259 type:B dur:2 cpbdur:2 q:0.00 aq:0.23 tex:41284 mv:717 misc:959 imb:29 pmb:409 smb:3162 d:- ref:0 ;
in:258 out:260 type:b dur:2 cpbdur:2 q:0.00 aq:1.71 tex:28962 mv:655 misc:967 imb:25 pmb:370 smb:3205 d:- ref:0 ;
in:260 out:261 type:b dur:2 cpbdur:2 q:0.00 aq:1.36 tex:10381 mv:421 misc:934 imb:0 pmb:282 smb:3318 d:- ref:0 ;
in:265 out:262 type:P dur:2 cpbdur:2 q:0.00 aq:0.00 tex:30906 mv:200 misc:958 imb:5 pmb:336 smb:3259 d:- ref:0 ;
in:263 out:263 type:B dur:2 cpbdur:2 q:0.00 aq:0.71 tex:8604 mv:392 misc:956 imb:0 pmb:243 smb:3357 d:- ref:0 ;
in:262 out:264 type:b dur:2 cpbdur:2 q:0.00 aq:1.26 tex:5376 mv:375 misc:937 imb:1 pmb:205 smb:3394 d:- ref:0 ;
in:264 out:265 type:b dur:2 cpbdur:2 q:0.00 aq:1.25 tex:6573 mv:453 misc:918 imb:5 pmb:186 smb:3409 d:- ref:0 ;
in:269 out:266 type:P dur:2 cpbdur:2 q:0.00 aq:0.01 tex:12680 mv:154 misc:974 imb:2 pmb:243 smb:3355 d:- ref:0 ;
in:267 out:267 type:B dur:2 cpbdur:2 q:0.00 aq:0.16 tex:6065 mv:322 misc:893 imb:0 pmb:178 smb:3422 d:- ref:0 ;
in:266 out:268 type:b dur:2 cpbdur:2 q:0.00 aq:1.23 tex:2672 mv:206 misc:690 imb:0 pmb:94 smb:3506 d:- ref:0 ;
in:268 out:269 type:b dur:2 cpbdur:2 q:0.00 aq:1.19 tex:2639 mv:189 misc:660 imb:1 pmb:83 smb:3516 d:- ref:0 ;
in:273 out:270 type:P dur:2 cpbdur:2 q:0.00 aq:0.06 tex:83532 mv:465 misc:955 imb:39 pmb:388 smb:3173 d:- ref:0 ;
in:271 out:271 type:B dur:2 cpbdur:2 q:0.00 aq:0.16 tex:7635 mv:422 misc:1023 imb:0 pmb:289 smb:3311 d:- ref:0 ;
in:270 out:272 type:b dur:2 cpbdur:2 q:0.00 aq:1.17 tex:2380 mv:131 misc:625 imb:0 pmb:74 smb:3526 d:- ref:0 ;
in:272 out:273 type:b dur:2 cpbdur:2 q:0.00 aq:1.28 tex:2721 mv:258 misc:989 imb:0 pmb:217 smb:3383 d:- ref:0 ;
in:277 out:274 type:P dur:2 cpbdur:2 q:0.00 aq:0.00 tex:145861 mv:2264 misc:851 imb:253 pmb:261 smb:3086 d:- ref:0 ;
in:275 out:275 type:B dur:2 cpbdur:2 q:0.00 aq:0.38 tex:67583 mv:1230 misc:955 imb:38 pmb:381 smb:3181 d:- ref:0 ;
in:274 out:276 type:b dur:2 cpbdur:2 q:0.00 aq:1.28 tex:7306 mv:440 misc:982 imb:0 pmb:236 smb:3364 d:- ref:0 ;
in:276 out:277 type:b dur:2 cpbdur:2 q:0.00 aq:1.25 tex:13240 mv:339 misc:925 imb:0 pmb:247 smb:3353 d:- ref:0 ;
in:281 out:278 type:P dur:2 cpbdur:2 q:0.00 aq:0.00 tex:21781 mv:263 misc:980 imb:9 pmb:309 smb:3282 d:- ref:0 ;
in:279 out:279 type:B dur:2 cpbdur:2 q:0.00 aq:0.55 tex:10075 mv:407 misc:934 imb:1 pmb:252 smb:3347 d:- ref:0 ;
in:278 out:280 type:b dur:2 cpbdur:2 q:0.00 aq:1.14 tex:6449 mv:317 misc:890 imb:0 pmb:191 smb:3409 d:- ref:0 ;
in:280 out:281 type:b dur:2 cpbdur:2 q:0.00 aq:1.12 tex:6647 mv:273 misc:824 imb:0 pmb:161 smb:3439 d:- ref:0 ;
in:285 out:282 type:P dur:2 cpbdur:2 q:0.00 aq:0.00 tex:11654 mv:153 misc:969 imb:2 pmb:239 smb:3359 d:- ref:0 ;
in:283 out:283 type:B dur:2 cpbdur:2 q:0.00 aq:0.33 tex:6369 mv:287 misc:840 imb:2 pmb:176 smb:3422 d:- ref:0 ;
in:282 out:284 type:b dur:2 cpbdur:2 q:0.00 aq:1.19 tex:5173 mv:240 misc:723 imb:0 pmb:132 smb:3468 d:- ref:0 ;
in:284 out:285 type:b dur:2 cpbdur:2 q:0.00 aq:1.20 tex:4918 mv:161 misc:689 imb:0 pmb:116 smb:3484 d:- ref:0 ;
in:289 out:286 type:P dur:2 cpbdur:2 q:0.00 aq:0.00 tex:8261 mv:165 misc:966 imb:3 pmb:207 smb:3390 d:- ref:0 ;
in:287 out:287 type:B dur:2 cpbdur:2 q:0.00 aq:0.43 tex:4692 mv:154 misc:786 imb:0 pmb:134 smb:3466 d:- ref:0 ;
in:286 out:288 type:b dur:2 cpbdur:2 q:0.00 aq:1.19 tex:4464 mv:123 misc:677 imb:0 pmb:110 smb:3490 d:- ref:0 ;
in:288 out:289 type:b dur:2 cpbdur:2 q:0.00 aq:1.19 tex:4388 mv:107 misc:673 imb:0 pmb:106 smb:3494 d:- ref:0 ;
in:293 out:290 type:P dur:2 cpbdur:2 q:0.00 aq:0.16 tex:6908 mv:120 misc:924 imb:0 pmb:181 smb:3419 d:- ref:0 ;
in:291 out:291 type:B dur:2 cpbdur:2 q:0.00 aq:0.43 tex:4252 mv:90 misc:722 imb:0 pmb:115 smb:3485 d:- ref:0 ;
in:290 out:292 type:b dur:2 cpbdur:2 q:0.00 aq:1.18 tex:4304 mv:99 misc:669 imb:0 pmb:105 smb:3495 d:- ref:0 ;
in:292 out:293 type:b dur:2 cpbdur:2 q:0.00 aq:1.18 tex:4283 mv:90 misc:667 imb:0 pmb:105 smb:3495 d:- ref:0 ;
in:297 out:294 type:P dur:2 cpbdur:2 q:0.00 aq:0.00 tex:202141 mv:2409 misc:810 imb:286 pmb:246 smb:3068 d:- ref:0 ;
in:295 out:295 type:B dur:2 cpbdur:2 q:0.00 aq:0.50 tex:54148 mv:732 misc:920 imb:0 pmb:408 smb:3192 d:- ref:0 ;
in:294 out:296 type:b dur:2 cpbdur:2 q:0.00 aq:1.42 tex:21270 mv:532 misc:1014 imb:0 pmb:372 smb:3228 d:- ref:0 ;
in:296 out:297 type:b dur:2 cpbdur:2 q:0.00 aq:1.39 tex:6882 mv:478 misc:904 imb:0 pmb:218 smb:3382 d:- ref:0 ;
in:301 out:298 type:P dur:2 cpbdur:2 q:0.00 aq:0.00 tex:19683 mv:206 misc:1039 imb:0 pmb:312 smb:3288 d:- ref:0 ;
in:299 out:299 type:B dur:2 cpbdur:2 q:0.00 aq:0.24 tex:7176 mv:391 misc:1001 imb:0 pmb:241 smb:3359 d:- ref:0 ;
in:298 out:300 type:b dur:2 cpbdur:2 q:0.00 aq:1.34 tex:7718 mv:368 misc:914 imb:0 pmb:206 smb:3394 d:- ref:0 ;
in:300 out:301 type:b dur:2 cpbdur:2 q:0.00 aq:1.05 tex:4323 mv:236 misc:777 imb:0 pmb:123 smb:3477 d:- ref:0 ;
in:305 out:302 type:P dur:2 cpbdur:2 q:0.00 aq:0.00 tex:10600 mv:140 misc:980 imb:1 pmb:230 smb:3369 d:- ref:0 ;
in:303 out:303 type:B dur:2 cpbdur:2 q:0.00 aq:0.07 tex:5817 mv:287 misc:848 imb:0 pmb:170 smb:3430 d:- ref:0 ;
in:302 out:304 type:b dur:2 cpbdur:2 q:0.00 aq:1.07 tex:4690 mv:264 misc:774 imb:0 pmb:138 smb:3462 d:- ref:0 ;
in:304 out:305 type:b dur:2 cpbdur:2 q:0.00 aq:1.06 tex:4011 mv:133 misc:680 imb:0 pmb:102 smb:3498 d:- ref:0 ;
in:309 out:306 type:P dur:2 cpbdur:2 q:0.00 aq:0.00 tex:7952 mv:131 misc:949 imb:0 pmb:205 smb:3395 d:- ref:0 ;
in:307 out:307 type:B dur:2 cpbdur:2 q:0.00 aq:0.06 tex:4884 mv:193 misc:787 imb:0 pmb:149 smb:3451 d:- ref:0 ;
in:306 out:308 type:b dur:2 cpbdur:2 q:0.00 aq:1.04 tex:3750 mv:156 misc:686 imb:0 pmb:104 smb:3496 d:- ref:0 ;
in:308 out:309 type:b dur:2 cpbdur:2 q:0.00 aq:1.04 tex:3627 mv:84 misc:673 imb:0 pmb:97 smb:3503 d:- ref:0 ;
in:313 out:310 type:P dur:2 cpbdur:2 q:0.00 aq:0.00 tex:6604 mv:101 misc:951 imb:0 pmb:186 smb:3414 d:- ref:0 ;
in:311 out:311 type:B dur:2 cpbdur:2 q:0.00 aq:0.05 tex:4680 mv:115 misc:789 imb:0 pmb:139 smb:3461 d:- ref:0 ;
in:310 out:312 type:b dur:2 cpbdur:2 q:0.00 aq:1.04 tex:3603 mv:105 misc:660 imb:0 pmb:97 smb:3503 d:- ref:0 ;
in:312 out:313 type:b dur:2 cpbdur:2 q:0.00 aq:1.04 tex:3472 mv:87 misc:657 imb:0 pmb:97 smb:3503 d:- ref:0 ;
in:317 out:314 type:P dur:2 cpbdur:2 q:0.00 aq:0.00 tex:57043 mv:332 misc:881 imb:3 pmb:388 smb:3209 d:- ref:0 ;
in:315 out:315 type:B dur:2 cpbdur:2 q:0.00 aq:0.71 tex:23754 mv:565 misc:945 imb:0 pmb:372 smb:3228 d:- ref:0 ;
in:314 out:316 type:b dur:2 cpbdur:2 q:0.00 aq:1.07 tex:5040 mv:379 misc:917 imb:0 pmb:223 smb:3377 d:- ref:0 ;
in:316 out:317 type:b dur:2 cpbdur:2 q:0.00 aq:1.25 tex:9256 mv:356 misc:852 imb:0 pmb:199 smb:3401 d:- ref:0 ;
in:321 out:318 type:P dur:2 cpbdur:2 q:0.00 aq:0.00 tex:22085 mv:275 misc:968 imb:3 pmb:344 smb:3253 d:- ref:0 ;
in:319 out:319 type:B dur:2 cpbdur:2 q:0.00 aq:0.49 tex:11229 mv:423 misc:948 imb:0 pmb:259 smb:3341 d:- ref:0 ;
in:318 out:320 type:b dur:2 cpbdur:2 q:0.00 aq:1.70 tex:8868 mv:272 misc:820 imb:0 pmb:183 smb:3417 d:- ref:0 ;
in:320 out:321 type:b dur:2 cpbdur:2 q:0.00 aq:1.47 tex:6888 mv:184 misc:680 imb:0 pmb:142 smb:3458 d:- ref:0 ;
in:325 out:322 type:P dur:2 cpbdur:2 q:0.00 aq:0.00 tex:13764 mv:168 misc:1004 imb:2 pmb:301 smb:3297 d:- ref:0 ;
in:323 out:323 type:B dur:2 cpbdur:2 q:0.00 aq:0.07 tex:9780 mv:278 misc:926 imb:0 pmb:238 smb:3362 d:- ref:0 ;
in:322 out:324 type:b dur:2 cpbdur:2 q:0.00 aq:1.42 tex:6631 mv:168 misc:681 imb:0 pmb:147 smb:3453 d:- ref:0 ;
in:324 out:325 type:b dur:2 cpbdur:2 q:0.00 aq:1.31 tex:6399 mv:85 misc:660 imb:0 pmb:137 smb:3463 d:- ref:0 ;
in:329 out:326 type:P dur:2 cpbdur:2 q:0.00 aq:0.00 tex:11686 mv:145 misc:1033 imb:1 pmb:280 smb:3319 d:- ref:0 ;
in:327 out:327 type:B dur:2 cpbdur:2 q:0.00 aq:0.06 tex:9841 mv:153 misc:886 imb:0 pmb:233 smb:3367 d:- ref:0 ;
in:326 out:328 type:b dur:2 cpbdur:2 q:0.00 aq:1.32 tex:6254 mv:115 misc:663 imb:0 pmb:136 smb:3464 d:- ref:0 ;
in:328 out:329 type:b dur:2 cpbdur:2 q:0.00 aq:1.33 tex:6352 mv:67 misc:653 imb:0 pmb:135 smb:3465 d:- ref:0 ;
in:333 out:330 type:P dur:2 cpbdur:2 q:0.00 aq:0.00 tex:11417 mv:125 misc:1010 imb:0 pmb:276 smb:3324 d:- ref:0 ;
in:331 out:331 type:B dur:2 cpbdur:2 q:0.00 aq:0.09 tex:9589 mv:116 misc:895 imb:0 pmb:229 smb:3371 d:- ref:0 ;
in:330 out:332 type:b dur:2 cpbdur:2 q:0.00 aq:1.32 tex:6388 mv:65 misc:659 imb:0 pmb:137 smb:3463 d:- ref:0 ;
in:332 out:333 type:b dur:2 cpbdur:2 q:0.00 aq:1.32 tex:6419 mv:51 misc:650 imb:0 pmb:135 smb:3465 d:- ref:0 ;
in:337 out:334 type:P dur:2 cpbdur:2 q:0.00 aq:1.43 tex:6465 mv:118 misc:745 imb:1 pmb:136 smb:3463 d:- ref:0 ;
in:335 out:335 type:B dur:2 cpbdur:2 q:0.00 aq:0.16 tex:9404 mv:234 misc:914 imb:0 pmb:225 smb:3375 d:- ref:0 ;
in:334 out:336 type:b dur:2 cpbdur:2 q:0.00 aq:1.35 tex:5846 mv:142 misc:636 imb:0 pmb:128 smb:3472 d:- ref:0 ;
in:336 out:337 type:b dur:2 cpbdur:2 q:0.00 aq:1.28 tex:16349 mv:227 misc:920 imb:0 pmb:258 smb:3342 d:- ref:0 ;
